<?xml version="1.0" encoding="UTF-8"?>
<testng-results skipped="0" failed="0" ignored="0" total="1" passed="1">
  <reporter-output>
  </reporter-output>
  <suite name="Smoke testing" duration-ms="20818" started-at="2018-10-04T10:08:58Z" finished-at="2018-10-04T10:09:19Z">
    <groups>
      <group name="Regression">
        <method signature="LoginTest.login_DescriptiveProgramming(int, java.util.Map)[pri:0, instance:com.bosch.test.login.LoginTest@7225790e]" name="login_DescriptiveProgramming" class="com.bosch.test.login.LoginTest"/>
      </group> <!-- Regression -->
      <group name="Smoke">
        <method signature="LoginTest.login_DescriptiveProgramming(int, java.util.Map)[pri:0, instance:com.bosch.test.login.LoginTest@7225790e]" name="login_DescriptiveProgramming" class="com.bosch.test.login.LoginTest"/>
      </group> <!-- Smoke -->
    </groups>
    <test name="Smoke testing" duration-ms="20818" started-at="2018-10-04T10:08:58Z" finished-at="2018-10-04T10:09:19Z">
      <class name="com.bosch.test.login.LoginTest">
        <test-method status="PASS" signature="Start_Engine()[pri:0, instance:com.bosch.test.login.LoginTest@7225790e]" name="Start_Engine" is-config="true" duration-ms="736" started-at="2018-10-04T10:08:58Z" finished-at="2018-10-04T10:08:58Z">
          <reporter-output>
          </reporter-output>
        </test-method> <!-- Start_Engine -->
        <test-method status="PASS" signature="beforeClass()[pri:0, instance:com.bosch.test.login.LoginTest@7225790e]" name="beforeClass" is-config="true" duration-ms="3" started-at="2018-10-04T10:08:58Z" finished-at="2018-10-04T10:08:58Z">
          <reporter-output>
          </reporter-output>
        </test-method> <!-- beforeClass -->
        <test-method status="PASS" signature="launchBrowser(java.lang.reflect.Method)[pri:0, instance:com.bosch.test.login.LoginTest@7225790e]" name="launchBrowser" is-config="true" duration-ms="681" started-at="2018-10-04T10:08:58Z" finished-at="2018-10-04T10:08:59Z">
          <params>
            <param index="0">
              <value>
                <![CDATA[public void com.bosch.test.login.LoginTest.login_DescriptiveProgramming(int,java.util.Map)]]>
              </value>
            </param>
          </params>
          <reporter-output>
          </reporter-output>
        </test-method> <!-- launchBrowser -->
        <test-method status="PASS" signature="login_DescriptiveProgramming(int, java.util.Map)[pri:0, instance:com.bosch.test.login.LoginTest@7225790e]" name="login_DescriptiveProgramming" duration-ms="19543" started-at="2018-10-04T10:08:59Z" data-provider="dataproviderForTestCase" finished-at="2018-10-04T10:09:19Z">
          <params>
            <param index="0">
              <value>
                <![CDATA[0]]>
              </value>
            </param>
            <param index="1">
              <value>
                <![CDATA[{password=WeAreB0sch, displayname=Hello Trac,, username=trac.nguyenduy@vn.bosch.com}]]>
              </value>
            </param>
          </params>
          <reporter-output>
          </reporter-output>
        </test-method> <!-- login_DescriptiveProgramming -->
        <test-method status="PASS" signature="beforeMethod()[pri:0, instance:com.bosch.test.login.LoginTest@7225790e]" name="beforeMethod" is-config="true" duration-ms="0" started-at="2018-10-04T10:08:59Z" finished-at="2018-10-04T10:08:59Z">
          <reporter-output>
          </reporter-output>
        </test-method> <!-- beforeMethod -->
        <test-method status="PASS" signature="closeBrowser(org.testng.ITestResult)[pri:0, instance:com.bosch.test.login.LoginTest@7225790e]" name="closeBrowser" is-config="true" duration-ms="569" started-at="2018-10-04T10:09:19Z" finished-at="2018-10-04T10:09:19Z">
          <params>
            <param index="0">
              <value>
                <![CDATA[[TestResult name=login_DescriptiveProgramming status=SUCCESS method=LoginTest.login_DescriptiveProgramming(int, java.util.Map)[pri:0, instance:com.bosch.test.login.LoginTest@7225790e] output={null}]]]>
              </value>
            </param>
          </params>
          <reporter-output>
          </reporter-output>
        </test-method> <!-- closeBrowser -->
        <test-method status="PASS" signature="tearDown()[pri:0, instance:com.bosch.test.login.LoginTest@7225790e]" name="tearDown" is-config="true" duration-ms="1052" started-at="2018-10-04T10:09:19Z" finished-at="2018-10-04T10:09:20Z">
          <reporter-output>
          </reporter-output>
        </test-method> <!-- tearDown -->
      </class> <!-- com.bosch.test.login.LoginTest -->
    </test> <!-- Smoke testing -->
  </suite> <!-- Smoke testing -->
</testng-results>
