<?xml version="1.0" encoding="UTF-8"?>
<testng-results skipped="0" failed="0" ignored="0" total="1" passed="1">
  <reporter-output>
  </reporter-output>
  <suite name="Default suite" duration-ms="152559" started-at="2018-10-09T04:20:02Z" finished-at="2018-10-09T04:22:34Z">
    <groups>
      <group name="Regression">
        <method signature="LoginTest.login_DescriptiveProgramming(int, java.util.Map)[pri:0, instance:com.bosch.test.login.LoginTest@604ed9f0]" name="login_DescriptiveProgramming" class="com.bosch.test.login.LoginTest"/>
      </group> <!-- Regression -->
      <group name="Smoke">
        <method signature="LoginTest.login_DescriptiveProgramming(int, java.util.Map)[pri:0, instance:com.bosch.test.login.LoginTest@604ed9f0]" name="login_DescriptiveProgramming" class="com.bosch.test.login.LoginTest"/>
      </group> <!-- Smoke -->
    </groups>
    <test name="Default test" duration-ms="152559" started-at="2018-10-09T04:20:02Z" finished-at="2018-10-09T04:22:34Z">
      <class name="com.bosch.test.login.LoginTest">
        <test-method status="PASS" signature="Start_Engine()[pri:0, instance:com.bosch.test.login.LoginTest@604ed9f0]" name="Start_Engine" is-config="true" duration-ms="35812" started-at="2018-10-09T04:19:26Z" finished-at="2018-10-09T04:20:02Z">
          <reporter-output>
          </reporter-output>
        </test-method> <!-- Start_Engine -->
        <test-method status="PASS" signature="beforeClass()[pri:0, instance:com.bosch.test.login.LoginTest@604ed9f0]" name="beforeClass" is-config="true" duration-ms="53" started-at="2018-10-09T04:20:02Z" finished-at="2018-10-09T04:20:02Z">
          <reporter-output>
          </reporter-output>
        </test-method> <!-- beforeClass -->
        <test-method status="PASS" signature="launchBrowser(java.lang.reflect.Method)[pri:0, instance:com.bosch.test.login.LoginTest@604ed9f0]" name="launchBrowser" is-config="true" duration-ms="131224" started-at="2018-10-09T04:20:02Z" finished-at="2018-10-09T04:22:13Z">
          <params>
            <param index="0">
              <value>
                <![CDATA[public void com.bosch.test.login.LoginTest.login_DescriptiveProgramming(int,java.util.Map)]]>
              </value>
            </param>
          </params>
          <reporter-output>
          </reporter-output>
        </test-method> <!-- launchBrowser -->
        <test-method status="PASS" signature="login_DescriptiveProgramming(int, java.util.Map)[pri:0, instance:com.bosch.test.login.LoginTest@604ed9f0]" name="login_DescriptiveProgramming" duration-ms="20370" started-at="2018-10-09T04:22:13Z" data-provider="dataproviderForTestCase" finished-at="2018-10-09T04:22:34Z">
          <params>
            <param index="0">
              <value>
                <![CDATA[0]]>
              </value>
            </param>
            <param index="1">
              <value>
                <![CDATA[{password=WeAreB0sch, displayname=Hello Trac,, username=trac.nguyenduy@vn.bosch.com}]]>
              </value>
            </param>
          </params>
          <reporter-output>
          </reporter-output>
        </test-method> <!-- login_DescriptiveProgramming -->
        <test-method status="PASS" signature="closeBrowser(org.testng.ITestResult)[pri:0, instance:com.bosch.test.login.LoginTest@604ed9f0]" name="closeBrowser" is-config="true" duration-ms="533" started-at="2018-10-09T04:22:34Z" finished-at="2018-10-09T04:22:34Z">
          <params>
            <param index="0">
              <value>
                <![CDATA[[TestResult name=login_DescriptiveProgramming status=SUCCESS method=LoginTest.login_DescriptiveProgramming(int, java.util.Map)[pri:0, instance:com.bosch.test.login.LoginTest@604ed9f0] output={null}]]]>
              </value>
            </param>
          </params>
          <reporter-output>
          </reporter-output>
        </test-method> <!-- closeBrowser -->
        <test-method status="PASS" signature="tearDown()[pri:0, instance:com.bosch.test.login.LoginTest@604ed9f0]" name="tearDown" is-config="true" duration-ms="6089" started-at="2018-10-09T04:22:36Z" finished-at="2018-10-09T04:22:42Z">
          <reporter-output>
          </reporter-output>
        </test-method> <!-- tearDown -->
      </class> <!-- com.bosch.test.login.LoginTest -->
    </test> <!-- Default test -->
  </suite> <!-- Default suite -->
</testng-results>
